[2018-01-30 05:50:15] local.ERROR: PDOException: SQLSTATE[HY000]: General error: 1364 Field 'user_id' doesn't have a default value in /Users/Alexander/Desktop/Code/yourunity-dev/vendor/doctrine/dbal/lib/Doctrine/DBAL/Driver/PDOStatement.php:105
Stack trace:
#0 /Users/Alexander/Desktop/Code/yourunity-dev/vendor/doctrine/dbal/lib/Doctrine/DBAL/Driver/PDOStatement.php(105): PDOStatement->execute(NULL)
#1 /Users/Alexander/Desktop/Code/yourunity-dev/vendor/laravel/framework/src/Illuminate/Database/Connection.php(449): Doctrine\DBAL\Driver\PDOStatement->execute()
#2 /Users/Alexander/Desktop/Code/yourunity-dev/vendor/laravel/framework/src/Illuminate/Database/Connection.php(640): Illuminate\Database\Connection->Illuminate\Database\{closure}('insert into `ac...', Array)
#3 /Users/Alexander/Desktop/Code/yourunity-dev/vendor/laravel/framework/src/Illuminate/Database/Connection.php(607): Illuminate\Database\Connection->runQueryCallback('insert into `ac...', Array, Object(Closure))
#4 /Users/Alexander/Desktop/Code/yourunity-dev/vendor/laravel/framework/src/Illuminate/Database/Connection.php(450): Illuminate\Database\Connection->run('insert into `ac...', Array, Object(Closure))
#5 /Users/Alexander/Desktop/Code/yourunity-dev/vendor/laravel/framework/src/Illuminate/Database/Connection.php(404): Illuminate\Database\Connection->statement('insert into `ac...', Array)
#6 /Users/Alexander/Desktop/Code/yourunity-dev/vendor/laravel/framework/src/Illuminate/Database/Query/Processors/Processor.php(32): Illuminate\Database\Connection->insert('insert into `ac...', Array)
#7 /Users/Alexander/Desktop/Code/yourunity-dev/vendor/laravel/framework/src/Illuminate/Database/Query/Builder.php(2133): Illuminate\Database\Query\Processors\Processor->processInsertGetId(Object(Illuminate\Database\Query\Builder), 'insert into `ac...', Array, 'id')
#8 /Users/Alexander/Desktop/Code/yourunity-dev/vendor/laravel/framework/src/Illuminate/Database/Eloquent/Builder.php(1251): Illuminate\Database\Query\Builder->insertGetId(Array, 'id')
#9 /Users/Alexander/Desktop/Code/yourunity-dev/vendor/laravel/framework/src/Illuminate/Database/Eloquent/Model.php(688): Illuminate\Database\Eloquent\Builder->__call('insertGetId', Array)
#10 /Users/Alexander/Desktop/Code/yourunity-dev/vendor/laravel/framework/src/Illuminate/Database/Eloquent/Model.php(653): Illuminate\Database\Eloquent\Model->insertAndSetId(Object(Illuminate\Database\Eloquent\Builder), Array)
#11 /Users/Alexander/Desktop/Code/yourunity-dev/vendor/laravel/framework/src/Illuminate/Database/Eloquent/Model.php(522): Illuminate\Database\Eloquent\Model->performInsert(Object(Illuminate\Database\Eloquent\Builder))
#12 /Users/Alexander/Desktop/Code/yourunity-dev/vendor/laravel/framework/src/Illuminate/Database/Eloquent/Builder.php(734): Illuminate\Database\Eloquent\Model->save()
#13 /Users/Alexander/Desktop/Code/yourunity-dev/vendor/laravel/framework/src/Illuminate/Support/helpers.php(964): Illuminate\Database\Eloquent\Builder->Illuminate\Database\Eloquent\{closure}(Object(App\ActivityRecord))
#14 /Users/Alexander/Desktop/Code/yourunity-dev/vendor/laravel/framework/src/Illuminate/Database/Eloquent/Builder.php(735): tap(Object(App\ActivityRecord), Object(Closure))
#15 /Users/Alexander/Desktop/Code/yourunity-dev/vendor/laravel/framework/src/Illuminate/Database/Eloquent/Model.php(1374): Illuminate\Database\Eloquent\Builder->create(Array)
#16 /Users/Alexander/Desktop/Code/yourunity-dev/vendor/laravel/framework/src/Illuminate/Database/Eloquent/Model.php(1386): Illuminate\Database\Eloquent\Model->__call('create', Array)
#17 /Users/Alexander/Desktop/Code/yourunity-dev/app/Http/Controllers/EventRegisterController.php(50): Illuminate\Database\Eloquent\Model::__callStatic('create', Array)
#18 [internal function]: App\Http\Controllers\EventRegisterController->store(Object(Illuminate\Http\Request))
#19 /Users/Alexander/Desktop/Code/yourunity-dev/vendor/laravel/framework/src/Illuminate/Routing/Controller.php(55): call_user_func_array(Array, Array)
#20 /Users/Alexander/Desktop/Code/yourunity-dev/vendor/laravel/framework/src/Illuminate/Routing/ControllerDispatcher.php(44): Illuminate\Routing\Controller->callAction('store', Array)
#21 /Users/Alexander/Desktop/Code/yourunity-dev/vendor/laravel/framework/src/Illuminate/Routing/Route.php(203): Illuminate\Routing\ControllerDispatcher->dispatch(Object(Illuminate\Routing\Route), Object(App\Http\Controllers\EventRegisterController), 'store')
#22 /Users/Alexander/Desktop/Code/yourunity-dev/vendor/laravel/framework/src/Illuminate/Routing/Route.php(160): Illuminate\Routing\Route->runController()
#23 /Users/Alexander/Desktop/Code/yourunity-dev/vendor/laravel/framework/src/Illuminate/Routing/Router.php(572): Illuminate\Routing\Route->run()
#24 /Users/Alexander/Desktop/Code/yourunity-dev/vendor/laravel/framework/src/Illuminate/Routing/Pipeline.php(30): Illuminate\Routing\Router->Illuminate\Routing\{closure}(Object(Illuminate\Http\Request))
#25 /Users/Alexander/Desktop/Code/yourunity-dev/vendor/laravel/framework/src/Illuminate/Routing/Middleware/SubstituteBindings.php(41): Illuminate\Routing\Pipeline->Illuminate\Routing\{closure}(Object(Illuminate\Http\Request))
#26 /Users/Alexander/Desktop/Code/yourunity-dev/vendor/laravel/framework/src/Illuminate/Pipeline/Pipeline.php(148): Illuminate\Routing\Middleware\SubstituteBindings->handle(Object(Illuminate\Http\Request), Object(Closure))
#27 /Users/Alexander/Desktop/Code/yourunity-dev/vendor/laravel/framework/src/Illuminate/Routing/Pipeline.php(53): Illuminate\Pipeline\Pipeline->Illuminate\Pipeline\{closure}(Object(Illuminate\Http\Request))
#28 /Users/Alexander/Desktop/Code/yourunity-dev/vendor/laravel/framework/src/Illuminate/Routing/Middleware/ThrottleRequests.php(49): Illuminate\Routing\Pipeline->Illuminate\Routing\{closure}(Object(Illuminate\Http\Request))
#29 /Users/Alexander/Desktop/Code/yourunity-dev/vendor/laravel/framework/src/Illuminate/Pipeline/Pipeline.php(148): Illuminate\Routing\Middleware\ThrottleRequests->handle(Object(Illuminate\Http\Request), Object(Closure), '60', '1')
#30 /Users/Alexander/Desktop/Code/yourunity-dev/vendor/laravel/framework/src/Illuminate/Routing/Pipeline.php(53): Illuminate\Pipeline\Pipeline->Illuminate\Pipeline\{closure}(Object(Illuminate\Http\Request))
#31 /Users/Alexander/Desktop/Code/yourunity-dev/vendor/laravel/framework/src/Illuminate/Pipeline/Pipeline.php(102): Illuminate\Routing\Pipeline->Illuminate\Routing\{closure}(Object(Illuminate\Http\Request))
#32 /Users/Alexander/Desktop/Code/yourunity-dev/vendor/laravel/framework/src/Illuminate/Routing/Router.php(574): Illuminate\Pipeline\Pipeline->then(Object(Closure))
#33 /Users/Alexander/Desktop/Code/yourunity-dev/vendor/laravel/framework/src/Illuminate/Routing/Router.php(533): Illuminate\Routing\Router->runRouteWithinStack(Object(Illuminate\Routing\Route), Object(Illuminate\Http\Request))
#34 /Users/Alexander/Desktop/Code/yourunity-dev/vendor/laravel/framework/src/Illuminate/Routing/Router.php(511): Illuminate\Routing\Router->dispatchToRoute(Object(Illuminate\Http\Request))
#35 /Users/Alexander/Desktop/Code/yourunity-dev/vendor/laravel/framework/src/Illuminate/Foundation/Http/Kernel.php(176): Illuminate\Routing\Router->dispatch(Object(Illuminate\Http\Request))
#36 /Users/Alexander/Desktop/Code/yourunity-dev/vendor/laravel/framework/src/Illuminate/Routing/Pipeline.php(30): Illuminate\Foundation\Http\Kernel->Illuminate\Foundation\Http\{closure}(Object(Illuminate\Http\Request))
#37 /Users/Alexander/Desktop/Code/yourunity-dev/vendor/laravel/framework/src/Illuminate/Foundation/Http/Middleware/TransformsRequest.php(30): Illuminate\Routing\Pipeline->Illuminate\Routing\{closure}(Object(Illuminate\Http\Request))
#38 /Users/Alexander/Desktop/Code/yourunity-dev/vendor/laravel/framework/src/Illuminate/Pipeline/Pipeline.php(148): Illuminate\Foundation\Http\Middleware\TransformsRequest->handle(Object(Illuminate\Http\Request), Object(Closure))
#39 /Users/Alexander/Desktop/Code/yourunity-dev/vendor/laravel/framework/src/Illuminate/Routing/Pipeline.php(53): Illuminate\Pipeline\Pipeline->Illuminate\Pipeline\{closure}(Object(Illuminate\Http\Request))
#40 /Users/Alexander/Desktop/Code/yourunity-dev/vendor/laravel/framework/src/Illuminate/Foundation/Http/Middleware/TransformsRequest.php(30): Illuminate\Routing\Pipeline->Illuminate\Routing\{closure}(Object(Illuminate\Http\Request))
#41 /Users/Alexander/Desktop/Code/yourunity-dev/vendor/laravel/framework/src/Illuminate/Pipeline/Pipeline.php(148): Illuminate\Foundation\Http\Middleware\TransformsRequest->handle(Object(Illuminate\Http\Request), Object(Closure))
#42 /Users/Alexander/Desktop/Code/yourunity-dev/vendor/laravel/framework/src/Illuminate/Routing/Pipeline.php(53): Illuminate\Pipeline\Pipeline->Illuminate\Pipeline\{closure}(Object(Illuminate\Http\Request))
#43 /Users/Alexander/Desktop/Code/yourunity-dev/vendor/laravel/framework/src/Illuminate/Foundation/Http/Middleware/ValidatePostSize.php(27): Illuminate\Routing\Pipeline->Illuminate\Routing\{closure}(Object(Illuminate\Http\Request))
#44 /Users/Alexander/Desktop/Code/yourunity-dev/vendor/laravel/framework/src/Illuminate/Pipeline/Pipeline.php(148): Illuminate\Foundation\Http\Middleware\ValidatePostSize->handle(Object(Illuminate\Http\Request), Object(Closure))
#45 /Users/Alexander/Desktop/Code/yourunity-dev/vendor/laravel/framework/src/Illuminate/Routing/Pipeline.php(53): Illuminate\Pipeline\Pipeline->Illuminate\Pipeline\{closure}(Object(Illuminate\Http\Request))
#46 /Users/Alexander/Desktop/Code/yourunity-dev/vendor/laravel/framework/src/Illuminate/Foundation/Http/Middleware/CheckForMaintenanceMode.php(46): Illuminate\Routing\Pipeline->Illuminate\Routing\{closure}(Object(Illuminate\Http\Request))
#47 /Users/Alexander/Desktop/Code/yourunity-dev/vendor/laravel/framework/src/Illuminate/Pipeline/Pipeline.php(148): Illuminate\Foundation\Http\Middleware\CheckForMaintenanceMode->handle(Object(Illuminate\Http\Request), Object(Closure))
#48 /Users/Alexander/Desktop/Code/yourunity-dev/vendor/laravel/framework/src/Illuminate/Routing/Pipeline.php(53): Illuminate\Pipeline\Pipeline->Illuminate\Pipeline\{closure}(Object(Illuminate\Http\Request))
#49 /Users/Alexander/Desktop/Code/yourunity-dev/vendor/laravel/framework/src/Illuminate/Pipeline/Pipeline.php(102): Illuminate\Routing\Pipeline->Illuminate\Routing\{closure}(Object(Illuminate\Http\Request))
#50 /Users/Alexander/Desktop/Code/yourunity-dev/vendor/laravel/framework/src/Illuminate/Foundation/Http/Kernel.php(151): Illuminate\Pipeline\Pipeline->then(Object(Closure))
#51 /Users/Alexander/Desktop/Code/yourunity-dev/vendor/laravel/framework/src/Illuminate/Foundation/Http/Kernel.php(116): Illuminate\Foundation\Http\Kernel->sendRequestThroughRouter(Object(Illuminate\Http\Request))
#52 /Users/Alexander/Desktop/Code/yourunity-dev/public/index.php(53): Illuminate\Foundation\Http\Kernel->handle(Object(Illuminate\Http\Request))
#53 /Users/Alexander/.composer/vendor/laravel/valet/server.php(133): require('/Users/Alexande...')
#54 {main}

Next Doctrine\DBAL\Driver\PDOException: SQLSTATE[HY000]: General error: 1364 Field 'user_id' doesn't have a default value in /Users/Alexander/Desktop/Code/yourunity-dev/vendor/doctrine/dbal/lib/Doctrine/DBAL/Driver/PDOStatement.php:107
Stack trace:
#0 /Users/Alexander/Desktop/Code/yourunity-dev/vendor/laravel/framework/src/Illuminate/Database/Connection.php(449): Doctrine\DBAL\Driver\PDOStatement->execute()
#1 /Users/Alexander/Desktop/Code/yourunity-dev/vendor/laravel/framework/src/Illuminate/Database/Connection.php(640): Illuminate\Database\Connection->Illuminate\Database\{closure}('insert into `ac...', Array)
#2 /Users/Alexander/Desktop/Code/yourunity-dev/vendor/laravel/framework/src/Illuminate/Database/Connection.php(607): Illuminate\Database\Connection->runQueryCallback('insert into `ac...', Array, Object(Closure))
#3 /Users/Alexander/Desktop/Code/yourunity-dev/vendor/laravel/framework/src/Illuminate/Database/Connection.php(450): Illuminate\Database\Connection->run('insert into `ac...', Array, Object(Closure))
#4 /Users/Alexander/Desktop/Code/yourunity-dev/vendor/laravel/framework/src/Illuminate/Database/Connection.php(404): Illuminate\Database\Connection->statement('insert into `ac...', Array)
#5 /Users/Alexander/Desktop/Code/yourunity-dev/vendor/laravel/framework/src/Illuminate/Database/Query/Processors/Processor.php(32): Illuminate\Database\Connection->insert('insert into `ac...', Array)
#6 /Users/Alexander/Desktop/Code/yourunity-dev/vendor/laravel/framework/src/Illuminate/Database/Query/Builder.php(2133): Illuminate\Database\Query\Processors\Processor->processInsertGetId(Object(Illuminate\Database\Query\Builder), 'insert into `ac...', Array, 'id')
#7 /Users/Alexander/Desktop/Code/yourunity-dev/vendor/laravel/framework/src/Illuminate/Database/Eloquent/Builder.php(1251): Illuminate\Database\Query\Builder->insertGetId(Array, 'id')
#8 /Users/Alexander/Desktop/Code/yourunity-dev/vendor/laravel/framework/src/Illuminate/Database/Eloquent/Model.php(688): Illuminate\Database\Eloquent\Builder->__call('insertGetId', Array)
#9 /Users/Alexander/Desktop/Code/yourunity-dev/vendor/laravel/framework/src/Illuminate/Database/Eloquent/Model.php(653): Illuminate\Database\Eloquent\Model->insertAndSetId(Object(Illuminate\Database\Eloquent\Builder), Array)
#10 /Users/Alexander/Desktop/Code/yourunity-dev/vendor/laravel/framework/src/Illuminate/Database/Eloquent/Model.php(522): Illuminate\Database\Eloquent\Model->performInsert(Object(Illuminate\Database\Eloquent\Builder))
#11 /Users/Alexander/Desktop/Code/yourunity-dev/vendor/laravel/framework/src/Illuminate/Database/Eloquent/Builder.php(734): Illuminate\Database\Eloquent\Model->save()
#12 /Users/Alexander/Desktop/Code/yourunity-dev/vendor/laravel/framework/src/Illuminate/Support/helpers.php(964): Illuminate\Database\Eloquent\Builder->Illuminate\Database\Eloquent\{closure}(Object(App\ActivityRecord))
#13 /Users/Alexander/Desktop/Code/yourunity-dev/vendor/laravel/framework/src/Illuminate/Database/Eloquent/Builder.php(735): tap(Object(App\ActivityRecord), Object(Closure))
#14 /Users/Alexander/Desktop/Code/yourunity-dev/vendor/laravel/framework/src/Illuminate/Database/Eloquent/Model.php(1374): Illuminate\Database\Eloquent\Builder->create(Array)
#15 /Users/Alexander/Desktop/Code/yourunity-dev/vendor/laravel/framework/src/Illuminate/Database/Eloquent/Model.php(1386): Illuminate\Database\Eloquent\Model->__call('create', Array)
#16 /Users/Alexander/Desktop/Code/yourunity-dev/app/Http/Controllers/EventRegisterController.php(50): Illuminate\Database\Eloquent\Model::__callStatic('create', Array)
#17 [internal function]: App\Http\Controllers\EventRegisterController->store(Object(Illuminate\Http\Request))
#18 /Users/Alexander/Desktop/Code/yourunity-dev/vendor/laravel/framework/src/Illuminate/Routing/Controller.php(55): call_user_func_array(Array, Array)
#19 /Users/Alexander/Desktop/Code/yourunity-dev/vendor/laravel/framework/src/Illuminate/Routing/ControllerDispatcher.php(44): Illuminate\Routing\Controller->callAction('store', Array)
#20 /Users/Alexander/Desktop/Code/yourunity-dev/vendor/laravel/framework/src/Illuminate/Routing/Route.php(203): Illuminate\Routing\ControllerDispatcher->dispatch(Object(Illuminate\Routing\Route), Object(App\Http\Controllers\EventRegisterController), 'store')
#21 /Users/Alexander/Desktop/Code/yourunity-dev/vendor/laravel/framework/src/Illuminate/Routing/Route.php(160): Illuminate\Routing\Route->runController()
#22 /Users/Alexander/Desktop/Code/yourunity-dev/vendor/laravel/framework/src/Illuminate/Routing/Router.php(572): Illuminate\Routing\Route->run()
#23 /Users/Alexander/Desktop/Code/yourunity-dev/vendor/laravel/framework/src/Illuminate/Routing/Pipeline.php(30): Illuminate\Routing\Router->Illuminate\Routing\{closure}(Object(Illuminate\Http\Request))
#24 /Users/Alexander/Desktop/Code/yourunity-dev/vendor/laravel/framework/src/Illuminate/Routing/Middleware/SubstituteBindings.php(41): Illuminate\Routing\Pipeline->Illuminate\Routing\{closure}(Object(Illuminate\Http\Request))
#25 /Users/Alexander/Desktop/Code/yourunity-dev/vendor/laravel/framework/src/Illuminate/Pipeline/Pipeline.php(148): Illuminate\Routing\Middleware\SubstituteBindings->handle(Object(Illuminate\Http\Request), Object(Closure))
#26 /Users/Alexander/Desktop/Code/yourunity-dev/vendor/laravel/framework/src/Illuminate/Routing/Pipeline.php(53): Illuminate\Pipeline\Pipeline->Illuminate\Pipeline\{closure}(Object(Illuminate\Http\Request))
#27 /Users/Alexander/Desktop/Code/yourunity-dev/vendor/laravel/framework/src/Illuminate/Routing/Middleware/ThrottleRequests.php(49): Illuminate\Routing\Pipeline->Illuminate\Routing\{closure}(Object(Illuminate\Http\Request))
#28 /Users/Alexander/Desktop/Code/yourunity-dev/vendor/laravel/framework/src/Illuminate/Pipeline/Pipeline.php(148): Illuminate\Routing\Middleware\ThrottleRequests->handle(Object(Illuminate\Http\Request), Object(Closure), '60', '1')
#29 /Users/Alexander/Desktop/Code/yourunity-dev/vendor/laravel/framework/src/Illuminate/Routing/Pipeline.php(53): Illuminate\Pipeline\Pipeline->Illuminate\Pipeline\{closure}(Object(Illuminate\Http\Request))
#30 /Users/Alexander/Desktop/Code/yourunity-dev/vendor/laravel/framework/src/Illuminate/Pipeline/Pipeline.php(102): Illuminate\Routing\Pipeline->Illuminate\Routing\{closure}(Object(Illuminate\Http\Request))
#31 /Users/Alexander/Desktop/Code/yourunity-dev/vendor/laravel/framework/src/Illuminate/Routing/Router.php(574): Illuminate\Pipeline\Pipeline->then(Object(Closure))
#32 /Users/Alexander/Desktop/Code/yourunity-dev/vendor/laravel/framework/src/Illuminate/Routing/Router.php(533): Illuminate\Routing\Router->runRouteWithinStack(Object(Illuminate\Routing\Route), Object(Illuminate\Http\Request))
#33 /Users/Alexander/Desktop/Code/yourunity-dev/vendor/laravel/framework/src/Illuminate/Routing/Router.php(511): Illuminate\Routing\Router->dispatchToRoute(Object(Illuminate\Http\Request))
#34 /Users/Alexander/Desktop/Code/yourunity-dev/vendor/laravel/framework/src/Illuminate/Foundation/Http/Kernel.php(176): Illuminate\Routing\Router->dispatch(Object(Illuminate\Http\Request))
#35 /Users/Alexander/Desktop/Code/yourunity-dev/vendor/laravel/framework/src/Illuminate/Routing/Pipeline.php(30): Illuminate\Foundation\Http\Kernel->Illuminate\Foundation\Http\{closure}(Object(Illuminate\Http\Request))
#36 /Users/Alexander/Desktop/Code/yourunity-dev/vendor/laravel/framework/src/Illuminate/Foundation/Http/Middleware/TransformsRequest.php(30): Illuminate\Routing\Pipeline->Illuminate\Routing\{closure}(Object(Illuminate\Http\Request))
#37 /Users/Alexander/Desktop/Code/yourunity-dev/vendor/laravel/framework/src/Illuminate/Pipeline/Pipeline.php(148): Illuminate\Foundation\Http\Middleware\TransformsRequest->handle(Object(Illuminate\Http\Request), Object(Closure))
#38 /Users/Alexander/Desktop/Code/yourunity-dev/vendor/laravel/framework/src/Illuminate/Routing/Pipeline.php(53): Illuminate\Pipeline\Pipeline->Illuminate\Pipeline\{closure}(Object(Illuminate\Http\Request))
#39 /Users/Alexander/Desktop/Code/yourunity-dev/vendor/laravel/framework/src/Illuminate/Foundation/Http/Middleware/TransformsRequest.php(30): Illuminate\Routing\Pipeline->Illuminate\Routing\{closure}(Object(Illuminate\Http\Request))
#40 /Users/Alexander/Desktop/Code/yourunity-dev/vendor/laravel/framework/src/Illuminate/Pipeline/Pipeline.php(148): Illuminate\Foundation\Http\Middleware\TransformsRequest->handle(Object(Illuminate\Http\Request), Object(Closure))
#41 /Users/Alexander/Desktop/Code/yourunity-dev/vendor/laravel/framework/src/Illuminate/Routing/Pipeline.php(53): Illuminate\Pipeline\Pipeline->Illuminate\Pipeline\{closure}(Object(Illuminate\Http\Request))
#42 /Users/Alexander/Desktop/Code/yourunity-dev/vendor/laravel/framework/src/Illuminate/Foundation/Http/Middleware/ValidatePostSize.php(27): Illuminate\Routing\Pipeline->Illuminate\Routing\{closure}(Object(Illuminate\Http\Request))
#43 /Users/Alexander/Desktop/Code/yourunity-dev/vendor/laravel/framework/src/Illuminate/Pipeline/Pipeline.php(148): Illuminate\Foundation\Http\Middleware\ValidatePostSize->handle(Object(Illuminate\Http\Request), Object(Closure))
#44 /Users/Alexander/Desktop/Code/yourunity-dev/vendor/laravel/framework/src/Illuminate/Routing/Pipeline.php(53): Illuminate\Pipeline\Pipeline->Illuminate\Pipeline\{closure}(Object(Illuminate\Http\Request))
#45 /Users/Alexander/Desktop/Code/yourunity-dev/vendor/laravel/framework/src/Illuminate/Foundation/Http/Middleware/CheckForMaintenanceMode.php(46): Illuminate\Routing\Pipeline->Illuminate\Routing\{closure}(Object(Illuminate\Http\Request))
#46 /Users/Alexander/Desktop/Code/yourunity-dev/vendor/laravel/framework/src/Illuminate/Pipeline/Pipeline.php(148): Illuminate\Foundation\Http\Middleware\CheckForMaintenanceMode->handle(Object(Illuminate\Http\Request), Object(Closure))
#47 /Users/Alexander/Desktop/Code/yourunity-dev/vendor/laravel/framework/src/Illuminate/Routing/Pipeline.php(53): Illuminate\Pipeline\Pipeline->Illuminate\Pipeline\{closure}(Object(Illuminate\Http\Request))
#48 /Users/Alexander/Desktop/Code/yourunity-dev/vendor/laravel/framework/src/Illuminate/Pipeline/Pipeline.php(102): Illuminate\Routing\Pipeline->Illuminate\Routing\{closure}(Object(Illuminate\Http\Request))
#49 /Users/Alexander/Desktop/Code/yourunity-dev/vendor/laravel/framework/src/Illuminate/Foundation/Http/Kernel.php(151): Illuminate\Pipeline\Pipeline->then(Object(Closure))
#50 /Users/Alexander/Desktop/Code/yourunity-dev/vendor/laravel/framework/src/Illuminate/Foundation/Http/Kernel.php(116): Illuminate\Foundation\Http\Kernel->sendRequestThroughRouter(Object(Illuminate\Http\Request))
#51 /Users/Alexander/Desktop/Code/yourunity-dev/public/index.php(53): Illuminate\Foundation\Http\Kernel->handle(Object(Illuminate\Http\Request))
#52 /Users/Alexander/.composer/vendor/laravel/valet/server.php(133): require('/Users/Alexande...')
#53 {main}

Next Illuminate\Database\QueryException: SQLSTATE[HY000]: General error: 1364 Field 'user_id' doesn't have a default value (SQL: insert into `activity_records` (`event_id`, `attendee_id`, `check_in_time`, `duration`, `activity_status`, `updated_at`, `created_at`) values (1, 123456789asdfghjkl, 0, 0, 2, 2018-01-30 05:50:15, 2018-01-30 05:50:15)) in /Users/Alexander/Desktop/Code/yourunity-dev/vendor/laravel/framework/src/Illuminate/Database/Connection.php:647
Stack trace:
#0 /Users/Alexander/Desktop/Code/yourunity-dev/vendor/laravel/framework/src/Illuminate/Database/Connection.php(607): Illuminate\Database\Connection->runQueryCallback('insert into `ac...', Array, Object(Closure))
#1 /Users/Alexander/Desktop/Code/yourunity-dev/vendor/laravel/framework/src/Illuminate/Database/Connection.php(450): Illuminate\Database\Connection->run('insert into `ac...', Array, Object(Closure))
#2 /Users/Alexander/Desktop/Code/yourunity-dev/vendor/laravel/framework/src/Illuminate/Database/Connection.php(404): Illuminate\Database\Connection->statement('insert into `ac...', Array)
#3 /Users/Alexander/Desktop/Code/yourunity-dev/vendor/laravel/framework/src/Illuminate/Database/Query/Processors/Processor.php(32): Illuminate\Database\Connection->insert('insert into `ac...', Array)
#4 /Users/Alexander/Desktop/Code/yourunity-dev/vendor/laravel/framework/src/Illuminate/Database/Query/Builder.php(2133): Illuminate\Database\Query\Processors\Processor->processInsertGetId(Object(Illuminate\Database\Query\Builder), 'insert into `ac...', Array, 'id')
#5 /Users/Alexander/Desktop/Code/yourunity-dev/vendor/laravel/framework/src/Illuminate/Database/Eloquent/Builder.php(1251): Illuminate\Database\Query\Builder->insertGetId(Array, 'id')
#6 /Users/Alexander/Desktop/Code/yourunity-dev/vendor/laravel/framework/src/Illuminate/Database/Eloquent/Model.php(688): Illuminate\Database\Eloquent\Builder->__call('insertGetId', Array)
#7 /Users/Alexander/Desktop/Code/yourunity-dev/vendor/laravel/framework/src/Illuminate/Database/Eloquent/Model.php(653): Illuminate\Database\Eloquent\Model->insertAndSetId(Object(Illuminate\Database\Eloquent\Builder), Array)
#8 /Users/Alexander/Desktop/Code/yourunity-dev/vendor/laravel/framework/src/Illuminate/Database/Eloquent/Model.php(522): Illuminate\Database\Eloquent\Model->performInsert(Object(Illuminate\Database\Eloquent\Builder))
#9 /Users/Alexander/Desktop/Code/yourunity-dev/vendor/laravel/framework/src/Illuminate/Database/Eloquent/Builder.php(734): Illuminate\Database\Eloquent\Model->save()
#10 /Users/Alexander/Desktop/Code/yourunity-dev/vendor/laravel/framework/src/Illuminate/Support/helpers.php(964): Illuminate\Database\Eloquent\Builder->Illuminate\Database\Eloquent\{closure}(Object(App\ActivityRecord))
#11 /Users/Alexander/Desktop/Code/yourunity-dev/vendor/laravel/framework/src/Illuminate/Database/Eloquent/Builder.php(735): tap(Object(App\ActivityRecord), Object(Closure))
#12 /Users/Alexander/Desktop/Code/yourunity-dev/vendor/laravel/framework/src/Illuminate/Database/Eloquent/Model.php(1374): Illuminate\Database\Eloquent\Builder->create(Array)
#13 /Users/Alexander/Desktop/Code/yourunity-dev/vendor/laravel/framework/src/Illuminate/Database/Eloquent/Model.php(1386): Illuminate\Database\Eloquent\Model->__call('create', Array)
#14 /Users/Alexander/Desktop/Code/yourunity-dev/app/Http/Controllers/EventRegisterController.php(50): Illuminate\Database\Eloquent\Model::__callStatic('create', Array)
#15 [internal function]: App\Http\Controllers\EventRegisterController->store(Object(Illuminate\Http\Request))
#16 /Users/Alexander/Desktop/Code/yourunity-dev/vendor/laravel/framework/src/Illuminate/Routing/Controller.php(55): call_user_func_array(Array, Array)
#17 /Users/Alexander/Desktop/Code/yourunity-dev/vendor/laravel/framework/src/Illuminate/Routing/ControllerDispatcher.php(44): Illuminate\Routing\Controller->callAction('store', Array)
#18 /Users/Alexander/Desktop/Code/yourunity-dev/vendor/laravel/framework/src/Illuminate/Routing/Route.php(203): Illuminate\Routing\ControllerDispatcher->dispatch(Object(Illuminate\Routing\Route), Object(App\Http\Controllers\EventRegisterController), 'store')
#19 /Users/Alexander/Desktop/Code/yourunity-dev/vendor/laravel/framework/src/Illuminate/Routing/Route.php(160): Illuminate\Routing\Route->runController()
#20 /Users/Alexander/Desktop/Code/yourunity-dev/vendor/laravel/framework/src/Illuminate/Routing/Router.php(572): Illuminate\Routing\Route->run()
#21 /Users/Alexander/Desktop/Code/yourunity-dev/vendor/laravel/framework/src/Illuminate/Routing/Pipeline.php(30): Illuminate\Routing\Router->Illuminate\Routing\{closure}(Object(Illuminate\Http\Request))
#22 /Users/Alexander/Desktop/Code/yourunity-dev/vendor/laravel/framework/src/Illuminate/Routing/Middleware/SubstituteBindings.php(41): Illuminate\Routing\Pipeline->Illuminate\Routing\{closure}(Object(Illuminate\Http\Request))
#23 /Users/Alexander/Desktop/Code/yourunity-dev/vendor/laravel/framework/src/Illuminate/Pipeline/Pipeline.php(148): Illuminate\Routing\Middleware\SubstituteBindings->handle(Object(Illuminate\Http\Request), Object(Closure))
#24 /Users/Alexander/Desktop/Code/yourunity-dev/vendor/laravel/framework/src/Illuminate/Routing/Pipeline.php(53): Illuminate\Pipeline\Pipeline->Illuminate\Pipeline\{closure}(Object(Illuminate\Http\Request))
#25 /Users/Alexander/Desktop/Code/yourunity-dev/vendor/laravel/framework/src/Illuminate/Routing/Middleware/ThrottleRequests.php(49): Illuminate\Routing\Pipeline->Illuminate\Routing\{closure}(Object(Illuminate\Http\Request))
#26 /Users/Alexander/Desktop/Code/yourunity-dev/vendor/laravel/framework/src/Illuminate/Pipeline/Pipeline.php(148): Illuminate\Routing\Middleware\ThrottleRequests->handle(Object(Illuminate\Http\Request), Object(Closure), '60', '1')
#27 /Users/Alexander/Desktop/Code/yourunity-dev/vendor/laravel/framework/src/Illuminate/Routing/Pipeline.php(53): Illuminate\Pipeline\Pipeline->Illuminate\Pipeline\{closure}(Object(Illuminate\Http\Request))
#28 /Users/Alexander/Desktop/Code/yourunity-dev/vendor/laravel/framework/src/Illuminate/Pipeline/Pipeline.php(102): Illuminate\Routing\Pipeline->Illuminate\Routing\{closure}(Object(Illuminate\Http\Request))
#29 /Users/Alexander/Desktop/Code/yourunity-dev/vendor/laravel/framework/src/Illuminate/Routing/Router.php(574): Illuminate\Pipeline\Pipeline->then(Object(Closure))
#30 /Users/Alexander/Desktop/Code/yourunity-dev/vendor/laravel/framework/src/Illuminate/Routing/Router.php(533): Illuminate\Routing\Router->runRouteWithinStack(Object(Illuminate\Routing\Route), Object(Illuminate\Http\Request))
#31 /Users/Alexander/Desktop/Code/yourunity-dev/vendor/laravel/framework/src/Illuminate/Routing/Router.php(511): Illuminate\Routing\Router->dispatchToRoute(Object(Illuminate\Http\Request))
#32 /Users/Alexander/Desktop/Code/yourunity-dev/vendor/laravel/framework/src/Illuminate/Foundation/Http/Kernel.php(176): Illuminate\Routing\Router->dispatch(Object(Illuminate\Http\Request))
#33 /Users/Alexander/Desktop/Code/yourunity-dev/vendor/laravel/framework/src/Illuminate/Routing/Pipeline.php(30): Illuminate\Foundation\Http\Kernel->Illuminate\Foundation\Http\{closure}(Object(Illuminate\Http\Request))
#34 /Users/Alexander/Desktop/Code/yourunity-dev/vendor/laravel/framework/src/Illuminate/Foundation/Http/Middleware/TransformsRequest.php(30): Illuminate\Routing\Pipeline->Illuminate\Routing\{closure}(Object(Illuminate\Http\Request))
#35 /Users/Alexander/Desktop/Code/yourunity-dev/vendor/laravel/framework/src/Illuminate/Pipeline/Pipeline.php(148): Illuminate\Foundation\Http\Middleware\TransformsRequest->handle(Object(Illuminate\Http\Request), Object(Closure))
#36 /Users/Alexander/Desktop/Code/yourunity-dev/vendor/laravel/framework/src/Illuminate/Routing/Pipeline.php(53): Illuminate\Pipeline\Pipeline->Illuminate\Pipeline\{closure}(Object(Illuminate\Http\Request))
#37 /Users/Alexander/Desktop/Code/yourunity-dev/vendor/laravel/framework/src/Illuminate/Foundation/Http/Middleware/TransformsRequest.php(30): Illuminate\Routing\Pipeline->Illuminate\Routing\{closure}(Object(Illuminate\Http\Request))
#38 /Users/Alexander/Desktop/Code/yourunity-dev/vendor/laravel/framework/src/Illuminate/Pipeline/Pipeline.php(148): Illuminate\Foundation\Http\Middleware\TransformsRequest->handle(Object(Illuminate\Http\Request), Object(Closure))
#39 /Users/Alexander/Desktop/Code/yourunity-dev/vendor/laravel/framework/src/Illuminate/Routing/Pipeline.php(53): Illuminate\Pipeline\Pipeline->Illuminate\Pipeline\{closure}(Object(Illuminate\Http\Request))
#40 /Users/Alexander/Desktop/Code/yourunity-dev/vendor/laravel/framework/src/Illuminate/Foundation/Http/Middleware/ValidatePostSize.php(27): Illuminate\Routing\Pipeline->Illuminate\Routing\{closure}(Object(Illuminate\Http\Request))
#41 /Users/Alexander/Desktop/Code/yourunity-dev/vendor/laravel/framework/src/Illuminate/Pipeline/Pipeline.php(148): Illuminate\Foundation\Http\Middleware\ValidatePostSize->handle(Object(Illuminate\Http\Request), Object(Closure))
#42 /Users/Alexander/Desktop/Code/yourunity-dev/vendor/laravel/framework/src/Illuminate/Routing/Pipeline.php(53): Illuminate\Pipeline\Pipeline->Illuminate\Pipeline\{closure}(Object(Illuminate\Http\Request))
#43 /Users/Alexander/Desktop/Code/yourunity-dev/vendor/laravel/framework/src/Illuminate/Foundation/Http/Middleware/CheckForMaintenanceMode.php(46): Illuminate\Routing\Pipeline->Illuminate\Routing\{closure}(Object(Illuminate\Http\Request))
#44 /Users/Alexander/Desktop/Code/yourunity-dev/vendor/laravel/framework/src/Illuminate/Pipeline/Pipeline.php(148): Illuminate\Foundation\Http\Middleware\CheckForMaintenanceMode->handle(Object(Illuminate\Http\Request), Object(Closure))
#45 /Users/Alexander/Desktop/Code/yourunity-dev/vendor/laravel/framework/src/Illuminate/Routing/Pipeline.php(53): Illuminate\Pipeline\Pipeline->Illuminate\Pipeline\{closure}(Object(Illuminate\Http\Request))
#46 /Users/Alexander/Desktop/Code/yourunity-dev/vendor/laravel/framework/src/Illuminate/Pipeline/Pipeline.php(102): Illuminate\Routing\Pipeline->Illuminate\Routing\{closure}(Object(Illuminate\Http\Request))
#47 /Users/Alexander/Desktop/Code/yourunity-dev/vendor/laravel/framework/src/Illuminate/Foundation/Http/Kernel.php(151): Illuminate\Pipeline\Pipeline->then(Object(Closure))
#48 /Users/Alexander/Desktop/Code/yourunity-dev/vendor/laravel/framework/src/Illuminate/Foundation/Http/Kernel.php(116): Illuminate\Foundation\Http\Kernel->sendRequestThroughRouter(Object(Illuminate\Http\Request))
#49 /Users/Alexander/Desktop/Code/yourunity-dev/public/index.php(53): Illuminate\Foundation\Http\Kernel->handle(Object(Illuminate\Http\Request))
#50 /Users/Alexander/.composer/vendor/laravel/valet/server.php(133): require('/Users/Alexande...')
#51 {main}  
